<?xml version="1.0" encoding="UTF-8"?>
<!-- Generated by org.testng.reporters.JUnitXMLReporter -->
<testsuite ignored="0" hostname="LT-Harsh" failures="0" tests="3" name="Run-TC001" time="10.174" errors="0" timestamp="2025-08-20T11:24:07 IST">
  <testcase classname="testCases.TC001" name="homePageTestMethod" time="0.794"/>
  <testcase classname="testCases.TC001" name="registerPageTestMethod" time="1.546"/>
  <testcase classname="testCases.TC002LoginTestCase" name="LoginPage" time="2.148"/>
</testsuite> <!-- Run-TC001 -->
